mode: set
blackjack/main.go:77.13,78.21 1 1
blackjack/main.go:82.2,83.16 2 1
blackjack/main.go:86.2,90.31 4 1
blackjack/main.go:78.21,80.3 1 1
blackjack/main.go:83.16,85.3 1 0
blackjack/main.go:90.31,100.3 9 0
blackjack/main.go:103.22,106.26 2 0
blackjack/main.go:111.2,113.16 3 0
blackjack/main.go:117.2,117.19 1 0
blackjack/main.go:124.2,126.16 2 0
blackjack/main.go:155.2,155.53 1 0
blackjack/main.go:161.2,161.26 1 0
blackjack/main.go:165.2,165.15 1 0
blackjack/main.go:106.26,109.3 2 0
blackjack/main.go:113.16,115.3 1 0
blackjack/main.go:117.19,122.3 4 0
blackjack/main.go:126.16,145.32 2 0
blackjack/main.go:149.3,152.12 3 0
blackjack/main.go:145.32,147.4 1 0
blackjack/main.go:155.53,156.38 1 0
blackjack/main.go:156.38,158.4 1 0
blackjack/main.go:161.26,163.3 1 0
blackjack/main.go:165.15,166.43 1 0
blackjack/main.go:166.43,169.35 2 0
blackjack/main.go:190.4,190.43 1 0
blackjack/main.go:169.35,170.30 1 0
blackjack/main.go:175.5,175.27 1 0
blackjack/main.go:187.5,187.21 1 0
blackjack/main.go:170.30,173.6 1 0
blackjack/main.go:175.27,177.30 1 0
blackjack/main.go:177.30,180.7 1 0
blackjack/main.go:180.12,180.37 1 0
blackjack/main.go:180.37,182.7 1 0
blackjack/main.go:182.12,184.7 1 0
blackjack/main.go:190.43,191.18 1 0
blackjack/main.go:200.5,203.48 2 0
blackjack/main.go:208.5,213.33 4 0
blackjack/main.go:218.5,218.33 1 0
blackjack/main.go:224.5,224.30 1 0
blackjack/main.go:232.5,235.34 2 0
blackjack/main.go:249.5,249.27 1 0
blackjack/main.go:267.5,267.30 1 0
blackjack/main.go:274.5,277.71 2 0
blackjack/main.go:191.18,192.34 1 0
blackjack/main.go:192.34,194.21 2 0
blackjack/main.go:194.21,196.8 1 0
blackjack/main.go:203.48,206.6 1 0
blackjack/main.go:213.33,216.6 1 0
blackjack/main.go:218.33,221.6 1 0
blackjack/main.go:224.30,225.43 1 0
blackjack/main.go:225.43,228.7 1 0
blackjack/main.go:235.34,236.74 1 0
blackjack/main.go:236.74,239.83 1 0
blackjack/main.go:239.83,241.8 1 0
blackjack/main.go:242.12,242.32 1 0
blackjack/main.go:242.32,245.7 1 0
blackjack/main.go:249.27,251.49 1 0
blackjack/main.go:256.6,256.51 1 0
blackjack/main.go:261.6,261.24 1 0
blackjack/main.go:251.49,253.7 1 0
blackjack/main.go:256.51,258.7 1 0
blackjack/main.go:261.24,263.7 1 0
blackjack/main.go:267.30,268.49 1 0
blackjack/main.go:268.49,270.7 1 0
blackjack/main.go:396.36,397.20 1 0
blackjack/main.go:544.2,544.11 1 0
blackjack/main.go:398.16,399.21 1 0
blackjack/main.go:409.11,410.21 1 0
blackjack/main.go:420.13,421.21 1 0
blackjack/main.go:431.12,432.21 1 0
blackjack/main.go:442.12,443.21 1 0
blackjack/main.go:453.11,454.21 1 0
blackjack/main.go:464.13,465.21 1 0
blackjack/main.go:475.13,476.21 1 0
blackjack/main.go:486.12,487.21 1 0
blackjack/main.go:497.11,498.21 1 0
blackjack/main.go:508.12,509.21 1 0
blackjack/main.go:519.13,520.21 1 0
blackjack/main.go:530.12,531.21 1 0
blackjack/main.go:541.10,542.12 1 0
blackjack/main.go:400.15,401.17 1 0
blackjack/main.go:402.15,403.17 1 0
blackjack/main.go:404.17,405.17 1 0
blackjack/main.go:406.14,407.17 1 0
blackjack/main.go:411.15,412.17 1 0
blackjack/main.go:413.15,414.17 1 0
blackjack/main.go:415.17,416.17 1 0
blackjack/main.go:417.14,418.17 1 0
blackjack/main.go:422.15,423.17 1 0
blackjack/main.go:424.15,425.17 1 0
blackjack/main.go:426.17,427.17 1 0
blackjack/main.go:428.14,429.17 1 0
blackjack/main.go:433.15,434.17 1 0
blackjack/main.go:435.15,436.17 1 0
blackjack/main.go:437.17,438.17 1 0
blackjack/main.go:439.14,440.17 1 0
blackjack/main.go:444.15,445.17 1 0
blackjack/main.go:446.15,447.17 1 0
blackjack/main.go:448.17,449.17 1 0
blackjack/main.go:450.14,451.17 1 0
blackjack/main.go:455.15,456.17 1 0
blackjack/main.go:457.15,458.17 1 0
blackjack/main.go:459.17,460.17 1 0
blackjack/main.go:461.14,462.17 1 0
blackjack/main.go:466.15,467.17 1 0
blackjack/main.go:468.15,469.17 1 0
blackjack/main.go:470.17,471.17 1 0
blackjack/main.go:472.14,473.17 1 0
blackjack/main.go:477.15,478.17 1 0
blackjack/main.go:479.15,480.17 1 0
blackjack/main.go:481.17,482.17 1 0
blackjack/main.go:483.14,484.17 1 0
blackjack/main.go:488.15,489.17 1 0
blackjack/main.go:490.15,491.17 1 0
blackjack/main.go:492.17,493.17 1 0
blackjack/main.go:494.14,495.17 1 0
blackjack/main.go:499.15,500.17 1 0
blackjack/main.go:501.15,502.17 1 0
blackjack/main.go:503.17,504.17 1 0
blackjack/main.go:505.14,506.17 1 0
blackjack/main.go:510.15,511.17 1 0
blackjack/main.go:512.15,513.17 1 0
blackjack/main.go:514.17,515.17 1 0
blackjack/main.go:516.14,517.17 1 0
blackjack/main.go:521.15,522.17 1 0
blackjack/main.go:523.15,524.17 1 0
blackjack/main.go:525.17,526.17 1 0
blackjack/main.go:527.14,528.17 1 0
blackjack/main.go:532.15,533.17 1 0
blackjack/main.go:534.15,535.17 1 0
blackjack/main.go:536.17,537.17 1 0
blackjack/main.go:538.14,539.17 1 0
blackjack/main.go:547.32,548.18 1 0
blackjack/main.go:551.2,551.20 1 0
blackjack/main.go:548.18,550.3 1 0
blackjack/main.go:552.11,553.11 1 0
blackjack/main.go:554.11,555.11 1 0
blackjack/main.go:556.13,557.11 1 0
blackjack/main.go:558.12,559.11 1 0
blackjack/main.go:560.12,561.11 1 0
blackjack/main.go:562.11,563.11 1 0
blackjack/main.go:564.13,565.11 1 0
blackjack/main.go:566.13,567.11 1 0
blackjack/main.go:568.12,569.11 1 0
blackjack/main.go:570.11,571.12 1 0
blackjack/main.go:572.12,573.12 1 0
blackjack/main.go:574.13,575.12 1 0
blackjack/main.go:576.12,577.12 1 0
blackjack/main.go:578.11,579.12 1 0
blackjack/main.go:580.10,581.11 1 0
blackjack/main.go:585.54,586.17 1 1
blackjack/main.go:593.2,593.16 1 1
blackjack/main.go:586.17,587.17 1 0
blackjack/main.go:587.17,589.4 1 0
blackjack/main.go:589.9,591.4 1 0
blackjack/main.go:593.16,595.3 1 0
blackjack/main.go:595.8,597.21 2 1
blackjack/main.go:601.3,601.17 1 1
blackjack/main.go:597.21,599.4 1 0
blackjack/main.go:601.17,603.4 1 0
blackjack/main.go:603.9,605.4 1 1
blackjack/main.go:609.44,610.17 1 1
blackjack/main.go:613.2,613.18 1 1
blackjack/main.go:616.2,616.20 1 1
blackjack/main.go:610.17,612.3 1 1
blackjack/main.go:613.18,615.3 1 1
blackjack/main.go:617.11,618.11 1 0
blackjack/main.go:619.11,620.11 1 1
blackjack/main.go:621.13,622.11 1 1
blackjack/main.go:623.12,624.11 1 1
blackjack/main.go:625.12,626.11 1 1
blackjack/main.go:627.11,628.11 1 1
blackjack/main.go:629.13,630.11 1 1
blackjack/main.go:631.13,632.11 1 1
blackjack/main.go:633.12,634.11 1 1
blackjack/main.go:635.30,636.12 1 1
blackjack/main.go:637.11,638.11 1 1
blackjack/main.go:643.10,644.11 1 0
blackjack/main.go:638.11,640.4 1 1
blackjack/main.go:640.9,642.4 1 1
blackjack/main.go:676.42,681.2 4 1
blackjack/main.go:683.37,687.39 3 0
blackjack/main.go:698.2,698.39 1 0
blackjack/main.go:727.2,727.27 1 0
blackjack/main.go:688.13,689.17 1 0
blackjack/main.go:690.13,691.17 1 0
blackjack/main.go:692.13,693.19 1 0
blackjack/main.go:694.13,695.16 1 0
blackjack/main.go:699.11,700.14 1 0
blackjack/main.go:701.11,702.16 1 0
blackjack/main.go:703.11,704.15 1 0
blackjack/main.go:705.11,706.15 1 0
blackjack/main.go:707.11,708.14 1 0
blackjack/main.go:709.11,710.16 1 0
blackjack/main.go:711.11,712.16 1 0
blackjack/main.go:713.11,714.15 1 0
blackjack/main.go:715.11,716.14 1 0
blackjack/main.go:717.11,718.15 1 0
blackjack/main.go:719.11,720.16 1 0
blackjack/main.go:721.11,722.15 1 0
blackjack/main.go:723.11,724.14 1 0
blackjack/main.go:730.40,733.40 2 0
blackjack/main.go:737.2,737.13 1 0
blackjack/main.go:733.40,735.3 1 0
blackjack/main.go:740.39,741.41 1 0
blackjack/main.go:748.2,748.12 1 0
blackjack/main.go:741.41,743.26 2 0
blackjack/main.go:743.26,745.4 1 0
blackjack/main.go:751.24,752.42 1 0
blackjack/main.go:752.42,757.3 3 0
blackjack/main.go:760.17,762.2 1 1
blackjack/main.go:764.37,765.36 1 1
blackjack/main.go:769.2,769.16 1 1
blackjack/main.go:773.2,773.20 1 1
blackjack/main.go:777.2,777.21 1 1
blackjack/main.go:781.2,781.116 1 1
blackjack/main.go:785.2,785.26 1 1
blackjack/main.go:789.2,789.40 1 1
blackjack/main.go:793.2,793.24 1 1
blackjack/main.go:798.2,801.20 3 1
blackjack/main.go:809.2,809.14 1 0
blackjack/main.go:765.36,767.3 1 0
blackjack/main.go:769.16,771.3 1 0
blackjack/main.go:773.20,775.3 1 0
blackjack/main.go:777.21,779.3 1 0
blackjack/main.go:781.116,783.3 1 0
blackjack/main.go:785.26,787.3 1 1
blackjack/main.go:789.40,791.3 1 0
blackjack/main.go:793.24,796.3 1 0
blackjack/main.go:801.20,802.22 1 1
blackjack/main.go:806.3,806.14 1 1
blackjack/main.go:802.22,804.4 1 0
blackjack/main.go:812.36,813.16 1 1
blackjack/main.go:817.2,817.20 1 1
blackjack/main.go:821.2,821.16 1 1
blackjack/main.go:825.2,825.44 1 1
blackjack/main.go:829.2,829.44 1 1
blackjack/main.go:833.2,833.26 1 1
blackjack/main.go:837.2,837.25 1 1
blackjack/main.go:841.2,842.21 2 1
blackjack/main.go:846.2,846.13 1 0
blackjack/main.go:813.16,815.3 1 0
blackjack/main.go:817.20,819.3 1 0
blackjack/main.go:821.16,823.3 1 0
blackjack/main.go:825.44,827.3 1 1
blackjack/main.go:829.44,831.3 1 0
blackjack/main.go:833.26,835.3 1 1
blackjack/main.go:837.25,839.3 1 1
blackjack/main.go:842.21,844.3 1 1
blackjack/main.go:849.36,850.64 1 0
blackjack/main.go:850.64,851.21 1 0
blackjack/main.go:851.21,853.4 1 0
blackjack/main.go:853.9,855.4 1 0
blackjack/main.go:856.8,858.3 1 0
blackjack/main.go:861.30,862.17 1 1
blackjack/main.go:867.2,867.25 1 1
blackjack/main.go:871.2,871.29 1 1
blackjack/main.go:897.2,900.28 3 1
blackjack/main.go:862.17,865.3 1 0
blackjack/main.go:867.25,869.3 1 1
blackjack/main.go:871.29,872.25 1 1
blackjack/main.go:876.3,876.41 1 1
blackjack/main.go:880.3,880.17 1 1
blackjack/main.go:884.3,884.22 1 1
blackjack/main.go:888.3,888.47 1 1
blackjack/main.go:892.3,892.25 1 1
blackjack/main.go:872.25,874.4 1 0
blackjack/main.go:876.41,878.4 1 1
blackjack/main.go:880.17,882.4 1 0
blackjack/main.go:884.22,886.4 1 0
blackjack/main.go:888.47,890.4 1 0
blackjack/main.go:892.25,894.4 1 1
blackjack/main.go:900.28,903.3 1 0
blackjack/main.go:903.8,904.22 1 1
blackjack/main.go:907.3,907.24 1 1
blackjack/main.go:904.22,906.4 1 1
blackjack/main.go:911.34,914.23 2 0
blackjack/main.go:918.2,918.30 1 0
blackjack/main.go:922.2,922.40 1 0
blackjack/main.go:926.2,926.22 1 0
blackjack/main.go:914.23,916.3 1 0
blackjack/main.go:918.30,920.3 1 0
blackjack/main.go:922.40,924.3 1 0
blackjack/main.go:926.22,928.3 1 0
blackjack/main.go:928.8,929.45 1 0
blackjack/main.go:933.3,933.42 1 0
blackjack/main.go:944.3,944.15 1 0
blackjack/main.go:929.45,931.4 1 0
blackjack/main.go:933.42,935.26 2 0
blackjack/main.go:939.4,939.103 1 0
blackjack/main.go:935.26,937.5 1 0
blackjack/main.go:939.103,941.5 1 0
blackjack/main.go:948.31,949.36 1 0
blackjack/main.go:953.2,953.16 1 0
blackjack/main.go:957.2,957.26 1 0
blackjack/main.go:961.2,961.40 1 0
blackjack/main.go:965.2,968.32 3 0
blackjack/main.go:949.36,951.3 1 0
blackjack/main.go:953.16,955.3 1 0
blackjack/main.go:957.26,959.3 1 0
blackjack/main.go:961.40,963.3 1 0
blackjack/main.go:971.31,972.16 1 0
blackjack/main.go:976.2,976.25 1 0
blackjack/main.go:980.2,980.46 1 0
blackjack/main.go:996.2,998.20 3 0
blackjack/main.go:972.16,974.3 1 0
blackjack/main.go:976.25,978.3 1 0
blackjack/main.go:980.46,981.41 1 0
blackjack/main.go:981.41,982.28 1 0
blackjack/main.go:982.28,983.29 1 0
blackjack/main.go:983.29,985.6 1 0
blackjack/main.go:985.11,987.6 1 0
blackjack/main.go:988.10,990.5 1 0
blackjack/main.go:991.9,993.4 1 0
blackjack/main.go:998.20,999.29 1 0
blackjack/main.go:999.29,1001.4 1 0
blackjack/main.go:1001.9,1002.23 1 0
blackjack/main.go:1002.23,1004.5 1 0
blackjack/main.go:1004.10,1006.5 1 0
blackjack/main.go:1008.8,1010.3 1 0
blackjack/main.go:1013.17,1015.2 1 0
blackjack/main.go:1017.28,1021.27 4 1
blackjack/main.go:1026.2,1026.49 1 1
blackjack/main.go:1029.2,1029.15 1 1
blackjack/main.go:1021.27,1023.3 1 0
blackjack/main.go:1023.8,1025.3 1 1
blackjack/main.go:1026.49,1028.3 1 0
blackjack/main.go:1032.19,1039.35 2 1
blackjack/main.go:1046.2,1046.32 1 1
blackjack/main.go:1039.35,1044.3 3 1
blackjack/main.go:1049.16,1053.55 3 1
blackjack/main.go:1053.55,1056.3 1 1
blackjack/main.go:1056.8,1058.3 1 1
blackjack/main.go:1061.24,1065.31 3 1
blackjack/main.go:1073.2,1075.13 2 1
blackjack/main.go:1065.31,1066.32 1 1
blackjack/main.go:1066.32,1067.20 1 1
blackjack/main.go:1067.20,1069.5 1 1
blackjack/main.go:1078.24,1080.2 1 0
blackjack/main.go:1082.26,1083.39 1 0
blackjack/main.go:1086.2,1088.39 2 0
blackjack/main.go:1105.2,1107.25 2 0
blackjack/main.go:1118.2,1118.39 1 0
blackjack/main.go:1136.2,1138.39 2 0
blackjack/main.go:1141.2,1141.15 1 0
blackjack/main.go:1083.39,1085.3 1 0
blackjack/main.go:1088.39,1091.21 3 0
blackjack/main.go:1095.3,1095.18 1 0
blackjack/main.go:1091.21,1093.4 1 0
blackjack/main.go:1095.18,1097.4 1 0
blackjack/main.go:1097.9,1098.25 1 0
blackjack/main.go:1098.25,1100.5 1 0
blackjack/main.go:1100.10,1102.5 1 0
blackjack/main.go:1107.25,1108.40 1 0
blackjack/main.go:1115.3,1115.16 1 0
blackjack/main.go:1108.40,1109.28 1 0
blackjack/main.go:1109.28,1111.5 1 0
blackjack/main.go:1111.10,1113.5 1 0
blackjack/main.go:1118.39,1122.21 3 0
blackjack/main.go:1126.3,1126.18 1 0
blackjack/main.go:1122.21,1124.4 1 0
blackjack/main.go:1126.18,1128.4 1 0
blackjack/main.go:1128.9,1129.25 1 0
blackjack/main.go:1129.25,1131.5 1 0
blackjack/main.go:1131.10,1133.5 1 0
blackjack/main.go:1138.39,1140.3 1 0
blackjack/main.go:1144.19,1147.36 2 0
blackjack/main.go:1147.36,1151.3 3 0
blackjack/main.go:1154.17,1156.42 1 0
blackjack/main.go:1199.2,1203.37 3 0
blackjack/main.go:1211.2,1214.37 2 0
blackjack/main.go:1222.2,1222.81 1 0
blackjack/main.go:1156.42,1161.31 3 0
blackjack/main.go:1173.3,1173.32 1 0
blackjack/main.go:1161.31,1162.27 1 0
blackjack/main.go:1162.27,1166.5 3 0
blackjack/main.go:1166.10,1170.5 3 0
blackjack/main.go:1173.32,1177.17 3 0
blackjack/main.go:1181.4,1183.24 2 0
blackjack/main.go:1177.17,1180.5 2 0
blackjack/main.go:1183.24,1184.39 1 0
blackjack/main.go:1190.5,1190.46 1 0
blackjack/main.go:1184.39,1185.53 1 0
blackjack/main.go:1185.53,1187.7 1 0
blackjack/main.go:1190.46,1193.6 2 0
blackjack/main.go:1203.37,1205.24 2 0
blackjack/main.go:1205.24,1207.4 1 0
blackjack/main.go:1214.37,1216.24 2 0
blackjack/main.go:1216.24,1218.4 1 0
blackjack/main.go:1225.20,1226.42 1 0
blackjack/main.go:1226.42,1228.90 2 0
blackjack/main.go:1228.90,1232.4 2 0
blackjack/main.go:1236.39,1238.23 2 0
blackjack/main.go:1238.23,1241.3 2 0
blackjack/main.go:1244.33,1246.23 2 0
blackjack/main.go:1246.23,1247.32 1 0
blackjack/main.go:1247.32,1251.4 3 0
blackjack/main.go:1255.32,1258.23 2 0
blackjack/main.go:1258.23,1259.31 1 0
blackjack/main.go:1259.31,1265.4 4 0
blackjack/main.go:1269.44,1270.35 1 0
blackjack/main.go:1270.35,1272.30 2 0
blackjack/main.go:1272.30,1275.4 2 0
blackjack/main.go:1279.61,1280.41 1 0
blackjack/main.go:1280.41,1283.3 2 0
blackjack/main.go:1286.53,1287.42 1 0
blackjack/main.go:1287.42,1290.3 2 0
blackjack/main.go:1293.37,1296.39 2 1
blackjack/main.go:1301.2,1301.16 1 1
blackjack/main.go:1296.39,1299.3 2 1
blackjack/main.go:1304.41,1308.39 3 0
blackjack/main.go:1311.2,1313.21 2 0
blackjack/main.go:1308.39,1310.3 1 0
blackjack/main.go:1316.43,1321.90 3 1
blackjack/main.go:1325.2,1325.39 1 1
blackjack/main.go:1331.2,1331.31 1 1
blackjack/main.go:1335.2,1335.16 1 1
blackjack/main.go:1350.2,1350.14 1 1
blackjack/main.go:1321.90,1323.3 1 1
blackjack/main.go:1325.39,1329.3 3 1
blackjack/main.go:1331.31,1333.3 1 0
blackjack/main.go:1335.16,1336.22 1 1
blackjack/main.go:1345.3,1347.22 3 1
blackjack/main.go:1336.22,1337.41 1 1
blackjack/main.go:1337.41,1339.43 2 1
blackjack/main.go:1339.43,1342.6 2 1
blackjack/main.go:1353.41,1357.15 3 0
blackjack/main.go:1363.2,1363.16 1 0
blackjack/main.go:1368.2,1368.14 1 0
blackjack/main.go:1401.2,1401.26 1 0
blackjack/main.go:1357.15,1359.3 1 0
blackjack/main.go:1359.8,1361.3 1 0
blackjack/main.go:1363.16,1366.3 2 0
blackjack/main.go:1369.11,1371.18 2 0
blackjack/main.go:1372.11,1373.20 1 0
blackjack/main.go:1374.11,1376.18 2 0
blackjack/main.go:1377.11,1378.17 1 0
blackjack/main.go:1379.11,1380.27 1 0
blackjack/main.go:1381.11,1383.18 2 0
blackjack/main.go:1384.11,1385.48 1 0
blackjack/main.go:1386.11,1387.16 1 0
blackjack/main.go:1388.11,1390.29 2 0
blackjack/main.go:1391.11,1393.29 2 0
blackjack/main.go:1394.11,1396.13 2 0
blackjack/main.go:1397.10,1398.8 1 0
blackjack/main.go:1404.43,1405.18 1 1
blackjack/main.go:1405.18,1408.17 2 1
blackjack/main.go:1415.3,1415.40 1 1
blackjack/main.go:1408.17,1413.4 4 1
blackjack/main.go:1419.26,1421.23 2 0
blackjack/main.go:1421.23,1423.3 1 0
blackjack/main.go:1426.29,1428.23 2 0
blackjack/main.go:1428.23,1432.3 3 0
blackjack/main.go:1435.28,1436.23 1 1
blackjack/main.go:1436.23,1438.3 1 0
blackjack/main.go:1438.8,1439.24 1 1
blackjack/main.go:1439.24,1441.4 1 1
blackjack/main.go:1441.9,1443.4 1 1
blackjack/main.go:1447.34,1448.17 1 1
blackjack/main.go:1448.17,1449.27 1 1
blackjack/main.go:1449.27,1450.37 1 1
blackjack/main.go:1450.37,1452.5 1 1
blackjack/main.go:1452.10,1454.27 1 1
blackjack/main.go:1458.5,1458.31 1 1
blackjack/main.go:1454.27,1456.6 1 0
blackjack/main.go:1458.31,1462.100 3 1
blackjack/main.go:1462.100,1465.7 2 1
blackjack/main.go:1465.12,1468.7 2 1
blackjack/main.go:1469.11,1471.6 1 1
blackjack/main.go:1473.9,1475.4 1 1
blackjack/main.go:1476.8,1478.3 1 0
blackjack/main.go:1481.35,1483.2 1 1
blackjack/main.go:1485.30,1486.25 1 0
blackjack/main.go:1490.2,1493.39 3 0
blackjack/main.go:1501.2,1501.16 1 0
blackjack/main.go:1486.25,1488.3 1 0
blackjack/main.go:1493.39,1495.13 2 0
blackjack/main.go:1498.3,1498.43 1 0
blackjack/main.go:1495.13,1497.4 1 0
blackjack/main.go:1504.33,1505.25 1 0
blackjack/main.go:1509.2,1509.60 1 0
blackjack/main.go:1505.25,1507.3 1 0
blackjack/main.go:1512.41,1513.25 1 0
blackjack/main.go:1517.2,1520.45 3 0
blackjack/main.go:1529.2,1529.19 1 0
blackjack/main.go:1513.25,1515.3 1 0
blackjack/main.go:1520.45,1521.12 1 0
blackjack/main.go:1524.3,1524.18 1 0
blackjack/main.go:1521.12,1523.4 1 0
blackjack/main.go:1524.18,1525.9 1 0
blackjack/main.go:1532.40,1533.25 1 0
blackjack/main.go:1537.2,1540.45 3 0
blackjack/main.go:1549.2,1549.19 1 0
blackjack/main.go:1533.25,1535.3 1 0
blackjack/main.go:1540.45,1541.12 1 0
blackjack/main.go:1544.3,1544.18 1 0
blackjack/main.go:1541.12,1543.4 1 0
blackjack/main.go:1544.18,1545.9 1 0
blackjack/main.go:1552.38,1553.19 1 0
blackjack/main.go:1560.2,1560.14 1 0
blackjack/main.go:1553.19,1554.23 1 0
blackjack/main.go:1554.23,1556.4 1 0
blackjack/main.go:1556.9,1558.4 1 0
blackjack/main.go:1563.30,1564.25 1 0
blackjack/main.go:1568.2,1570.39 2 0
blackjack/main.go:1581.2,1581.16 1 0
blackjack/main.go:1564.25,1566.3 1 0
blackjack/main.go:1570.39,1575.47 3 0
blackjack/main.go:1575.47,1577.9 2 0
blackjack/main.go:1584.35,1585.25 1 0
blackjack/main.go:1585.25,1586.20 1 0
blackjack/main.go:1586.20,1587.24 1 0
blackjack/main.go:1587.24,1588.22 1 0
blackjack/main.go:1588.22,1590.6 1 0
blackjack/main.go:1590.11,1592.6 1 0
blackjack/main.go:1593.10,1595.5 1 0
blackjack/main.go:1596.9,1598.4 1 0
blackjack/main.go:1599.8,1601.3 1 0
blackjack/main.go:1604.38,1606.2 1 0
blackjack/main.go:1608.36,1610.2 1 0
blackjack/main.go:1612.37,1614.2 1 0
blackjack/main.go:1616.38,1617.28 1 0
blackjack/main.go:1621.2,1621.16 1 0
blackjack/main.go:1625.2,1627.34 2 0
blackjack/main.go:1631.2,1631.30 1 0
blackjack/main.go:1617.28,1619.3 1 0
blackjack/main.go:1621.16,1623.3 1 0
blackjack/main.go:1627.34,1629.3 1 0
blackjack/main.go:1634.46,1635.28 1 0
blackjack/main.go:1639.2,1639.16 1 0
blackjack/main.go:1643.2,1645.34 2 0
blackjack/main.go:1649.2,1649.266 1 0
blackjack/main.go:1635.28,1637.3 1 0
blackjack/main.go:1639.16,1641.3 1 0
blackjack/main.go:1645.34,1647.3 1 0
blackjack/main.go:1652.50,1653.28 1 0
blackjack/main.go:1657.2,1657.16 1 0
blackjack/main.go:1661.2,1663.34 2 0
blackjack/main.go:1667.2,1669.79 1 0
blackjack/main.go:1653.28,1655.3 1 0
blackjack/main.go:1657.16,1659.3 1 0
blackjack/main.go:1663.34,1665.3 1 0
blackjack/main.go:1672.41,1673.28 1 0
blackjack/main.go:1677.2,1677.16 1 0
blackjack/main.go:1681.2,1683.34 2 0
blackjack/main.go:1687.2,1687.33 1 0
blackjack/main.go:1673.28,1675.3 1 0
blackjack/main.go:1677.16,1679.3 1 0
blackjack/main.go:1683.34,1685.3 1 0
blackjack/main.go:1690.46,1691.28 1 0
blackjack/main.go:1695.2,1695.16 1 0
blackjack/main.go:1699.2,1701.34 2 0
blackjack/main.go:1705.2,1705.38 1 0
blackjack/main.go:1691.28,1693.3 1 0
blackjack/main.go:1695.16,1697.3 1 0
blackjack/main.go:1701.34,1703.3 1 0
blackjack/main.go:1708.43,1709.28 1 0
blackjack/main.go:1713.2,1713.16 1 0
blackjack/main.go:1717.2,1719.34 2 0
blackjack/main.go:1723.2,1723.35 1 0
blackjack/main.go:1709.28,1711.3 1 0
blackjack/main.go:1713.16,1715.3 1 0
blackjack/main.go:1719.34,1721.3 1 0
blackjack/main.go:1726.54,1727.27 1 0
blackjack/main.go:1727.27,1728.27 1 0
blackjack/main.go:1728.27,1729.14 1 0
blackjack/main.go:1729.14,1731.121 2 0
blackjack/main.go:1731.121,1733.6 1 0
blackjack/main.go:1733.11,1735.6 1 0
blackjack/main.go:1736.10,1739.5 1 0
blackjack/main.go:1740.9,1742.4 1 0
blackjack/main.go:1743.8,1745.3 1 0
blackjack/main.go:1748.66,1749.27 1 0
blackjack/main.go:1749.27,1750.35 1 0
blackjack/main.go:1750.35,1751.14 1 0
blackjack/main.go:1751.14,1753.129 2 0
blackjack/main.go:1753.129,1755.6 1 0
blackjack/main.go:1755.11,1757.6 1 0
blackjack/main.go:1758.10,1760.5 1 0
blackjack/main.go:1761.9,1763.4 1 0
blackjack/main.go:1764.8,1766.3 1 0
blackjack/main.go:1769.38,1770.28 1 0
blackjack/main.go:1774.2,1774.16 1 0
blackjack/main.go:1778.2,1780.34 2 0
blackjack/main.go:1784.2,1786.138 2 0
blackjack/main.go:1770.28,1772.3 1 0
blackjack/main.go:1774.16,1776.3 1 0
blackjack/main.go:1780.34,1782.3 1 0
blackjack/main.go:1789.17,1802.68 12 0
blackjack/main.go:1802.68,1804.3 1 0
blackjack/main.go:1807.37,1808.12 1 0
blackjack/main.go:1812.2,1813.16 2 0
blackjack/main.go:1817.2,1818.16 2 0
blackjack/main.go:1822.2,1822.12 1 0
blackjack/main.go:1808.12,1810.3 1 0
blackjack/main.go:1813.16,1815.3 1 0
blackjack/main.go:1818.16,1820.3 1 0
blackjack/main.go:1825.24,1826.11 1 0
blackjack/main.go:1829.2,1829.10 1 0
blackjack/main.go:1826.11,1828.3 1 0
blackjack/main.go:1832.24,1833.11 1 1
blackjack/main.go:1836.2,1836.10 1 0
blackjack/main.go:1833.11,1835.3 1 1
blackjack/main.go:1839.26,1846.2 6 1
blackjack/main.go:1848.24,1855.2 6 0
blackjack/main.go:1857.19,1858.37 1 0
blackjack/main.go:1867.2,1867.26 1 0
blackjack/main.go:1858.37,1859.40 1 0
blackjack/main.go:1859.40,1860.20 1 0
blackjack/main.go:1860.20,1863.5 2 0
blackjack/main.go:1870.20,1871.42 1 0
blackjack/main.go:1871.42,1876.44 4 0
blackjack/main.go:1896.3,1899.45 2 0
blackjack/main.go:1876.44,1879.4 1 0
blackjack/main.go:1879.9,1879.44 1 0
blackjack/main.go:1879.44,1882.4 1 0
blackjack/main.go:1882.9,1882.36 1 0
blackjack/main.go:1882.36,1885.4 1 0
blackjack/main.go:1885.9,1885.39 1 0
blackjack/main.go:1885.39,1888.4 1 0
blackjack/main.go:1888.9,1888.36 1 0
blackjack/main.go:1888.36,1891.4 1 0
blackjack/main.go:1891.9,1891.44 1 0
blackjack/main.go:1891.44,1893.4 1 0
blackjack/main.go:1903.24,1904.42 1 0
blackjack/main.go:1950.2,1950.26 1 0
blackjack/main.go:1904.42,1908.38 3 0
blackjack/main.go:1908.38,1913.4 3 0
blackjack/main.go:1913.9,1913.46 1 0
blackjack/main.go:1913.46,1918.4 3 0
blackjack/main.go:1918.9,1918.51 1 0
blackjack/main.go:1918.51,1923.4 3 0
blackjack/main.go:1923.9,1923.52 1 0
blackjack/main.go:1923.52,1928.4 3 0
blackjack/main.go:1928.9,1928.44 1 0
blackjack/main.go:1928.44,1931.4 2 0
blackjack/main.go:1931.9,1931.36 1 0
blackjack/main.go:1931.36,1934.4 2 0
blackjack/main.go:1934.9,1934.39 1 0
blackjack/main.go:1934.39,1937.4 2 0
blackjack/main.go:1937.9,1937.36 1 0
blackjack/main.go:1937.36,1940.4 2 0
blackjack/main.go:1940.9,1947.4 5 0
blackjack/main.go:1953.19,1959.30 5 0
blackjack/main.go:1966.2,1966.40 1 0
blackjack/main.go:1975.2,1975.42 1 0
blackjack/main.go:2079.2,2079.26 1 0
blackjack/main.go:1959.30,1960.22 1 0
blackjack/main.go:1960.22,1962.4 1 0
blackjack/main.go:1966.40,1968.3 1 0
blackjack/main.go:1968.8,1968.29 1 0
blackjack/main.go:1968.29,1973.3 4 0
blackjack/main.go:1975.42,1977.42 2 0
blackjack/main.go:1977.42,1980.27 2 0
blackjack/main.go:1980.27,1985.33 4 0
blackjack/main.go:1991.5,1991.25 1 0
blackjack/main.go:1997.5,1997.43 1 0
blackjack/main.go:1985.33,1986.25 1 0
blackjack/main.go:1986.25,1988.7 1 0
blackjack/main.go:1991.25,1995.6 3 0
blackjack/main.go:1997.43,1998.24 1 0
blackjack/main.go:1998.24,2007.7 7 0
blackjack/main.go:2007.12,2014.7 6 0
blackjack/main.go:2015.11,2016.28 1 0
blackjack/main.go:2016.28,2027.7 9 0
blackjack/main.go:2027.12,2027.42 1 0
blackjack/main.go:2027.42,2028.28 1 0
blackjack/main.go:2028.28,2037.8 7 0
blackjack/main.go:2037.13,2046.8 7 0
blackjack/main.go:2047.12,2047.33 1 0
blackjack/main.go:2047.33,2056.7 7 0
blackjack/main.go:2056.12,2056.43 1 0
blackjack/main.go:2056.43,2065.7 7 0
blackjack/main.go:2065.12,2073.7 7 0
blackjack/main.go:2082.31,2083.20 1 0
blackjack/main.go:2087.2,2087.34 1 0
blackjack/main.go:2093.2,2093.20 1 0
blackjack/main.go:2083.20,2085.3 1 0
blackjack/main.go:2087.34,2091.3 3 0
blackjack/main.go:2093.20,2095.3 1 0
blackjack/main.go:2098.38,2102.15 3 0
blackjack/main.go:2108.2,2112.20 3 0
blackjack/main.go:2117.2,2117.16 1 0
blackjack/main.go:2121.2,2121.44 1 0
blackjack/main.go:2102.15,2105.3 2 0
blackjack/main.go:2112.20,2115.3 2 0
blackjack/main.go:2117.16,2119.3 1 0
blackjack/main.go:2124.27,2126.2 1 0
blackjack/main.go:2128.46,2129.26 1 0
blackjack/main.go:2132.2,2132.11 1 0
blackjack/main.go:2129.26,2131.3 1 0
blackjack/main.go:2135.45,2136.25 1 0
blackjack/main.go:2139.2,2139.11 1 0
blackjack/main.go:2136.25,2138.3 1 0
blackjack/main.go:2142.39,2143.19 1 0
blackjack/main.go:2146.2,2146.11 1 0
blackjack/main.go:2143.19,2145.3 1 0
blackjack/main.go:2149.45,2150.25 1 0
blackjack/main.go:2153.2,2153.11 1 0
blackjack/main.go:2150.25,2152.3 1 0
blackjack/main.go:2156.41,2157.20 1 0
blackjack/main.go:2160.2,2160.11 1 0
blackjack/main.go:2157.20,2159.3 1 0
blackjack/main.go:2163.27,2166.20 2 0
blackjack/main.go:2170.2,2170.34 1 0
blackjack/main.go:2182.2,2182.20 1 0
blackjack/main.go:2166.20,2168.3 1 0
blackjack/main.go:2170.34,2173.22 3 0
blackjack/main.go:2176.3,2176.20 1 0
blackjack/main.go:2179.3,2179.16 1 0
blackjack/main.go:2173.22,2175.4 1 0
blackjack/main.go:2176.20,2178.4 1 0
blackjack/main.go:2182.20,2184.3 1 0
blackjack/main.go:2187.41,2188.20 1 0
blackjack/main.go:2191.2,2191.11 1 0
blackjack/main.go:2188.20,2190.3 1 0
blackjack/main.go:2194.19,2198.19 4 0
blackjack/main.go:2201.2,2205.31 4 0
blackjack/main.go:2224.2,2225.29 2 0
blackjack/main.go:2198.19,2200.3 1 0
blackjack/main.go:2205.31,2206.16 1 0
blackjack/main.go:2215.3,2215.19 1 0
blackjack/main.go:2207.80,2208.44 1 0
blackjack/main.go:2209.12,2210.43 1 0
blackjack/main.go:2211.11,2212.9 1 0
blackjack/main.go:2215.19,2216.49 1 0
blackjack/main.go:2220.4,2220.50 1 0
blackjack/main.go:2216.49,2218.5 1 0
blackjack/main.go:2228.48,2233.24 3 0
blackjack/main.go:2239.2,2239.69 1 0
blackjack/main.go:2233.24,2235.3 1 0
blackjack/main.go:2235.8,2237.3 1 0
blackjack/main.go:2239.69,2241.3 1 0
blackjack/main.go:2241.8,2242.18 1 0
blackjack/main.go:2242.18,2244.4 1 0
blackjack/main.go:2244.9,2244.32 1 0
blackjack/main.go:2244.32,2246.4 1 0
blackjack/main.go:2246.9,2246.67 1 0
blackjack/main.go:2246.67,2247.36 1 0
blackjack/main.go:2247.36,2249.5 1 0
blackjack/main.go:2249.10,2251.5 1 0
blackjack/main.go:2252.9,2252.68 1 0
blackjack/main.go:2252.68,2253.25 1 0
blackjack/main.go:2253.25,2254.15 1 0
blackjack/main.go:2254.15,2256.6 1 0
blackjack/main.go:2256.11,2258.6 1 0
blackjack/main.go:2259.10,2260.37 1 0
blackjack/main.go:2260.37,2262.6 1 0
blackjack/main.go:2262.11,2264.6 1 0
blackjack/main.go:2266.9,2268.4 1 0
blackjack/main.go:2272.41,2275.19 2 0
blackjack/main.go:2281.2,2287.42 5 0
blackjack/main.go:2329.2,2329.94 1 0
blackjack/main.go:2275.19,2280.3 4 0
blackjack/main.go:2287.42,2292.27 4 0
blackjack/main.go:2298.3,2300.42 2 0
blackjack/main.go:2292.27,2294.4 1 0
blackjack/main.go:2294.9,2296.4 1 0
blackjack/main.go:2300.42,2303.30 3 0
blackjack/main.go:2306.4,2310.62 3 0
blackjack/main.go:2303.30,2305.5 1 0
blackjack/main.go:2310.62,2311.28 1 0
blackjack/main.go:2316.5,2316.26 1 0
blackjack/main.go:2311.28,2313.6 1 0
blackjack/main.go:2313.11,2313.35 1 0
blackjack/main.go:2313.35,2315.6 1 0
blackjack/main.go:2317.10,2317.109 1 0
blackjack/main.go:2317.109,2318.28 1 0
blackjack/main.go:2325.5,2325.26 1 0
blackjack/main.go:2318.28,2320.6 1 0
blackjack/main.go:2320.11,2320.35 1 0
blackjack/main.go:2320.35,2322.6 1 0
blackjack/main.go:2322.11,2324.6 1 0
blackjack/main.go:2332.27,2333.16 1 0
blackjack/main.go:2341.2,2343.67 3 0
blackjack/main.go:2349.2,2349.66 1 0
blackjack/main.go:2356.2,2356.19 1 0
blackjack/main.go:2372.2,2372.15 1 0
blackjack/main.go:2333.16,2335.3 1 0
blackjack/main.go:2335.8,2336.40 1 0
blackjack/main.go:2336.40,2338.4 1 0
blackjack/main.go:2343.67,2345.3 1 0
blackjack/main.go:2345.8,2347.3 1 0
blackjack/main.go:2349.66,2351.3 1 0
blackjack/main.go:2351.8,2351.27 1 0
blackjack/main.go:2351.27,2354.3 2 0
blackjack/main.go:2356.19,2357.29 1 0
blackjack/main.go:2357.29,2358.154 1 0
blackjack/main.go:2358.154,2360.5 1 0
blackjack/main.go:2360.10,2360.44 1 0
blackjack/main.go:2360.44,2362.5 1 0
blackjack/main.go:2362.10,2362.36 1 0
blackjack/main.go:2362.36,2364.5 1 0
blackjack/main.go:2364.10,2364.36 1 0
blackjack/main.go:2364.36,2366.5 1 0
blackjack/main.go:2366.10,2366.39 1 0
blackjack/main.go:2366.39,2368.5 1 0
blackjack/main.go:2375.25,2378.2 2 0
blackjack/main.go:2380.24,2382.18 2 1
blackjack/main.go:2385.2,2385.52 1 1
blackjack/main.go:2382.18,2384.3 1 1
blackjack/main.go:2388.41,2391.30 2 1
blackjack/main.go:2395.2,2395.14 1 1
blackjack/main.go:2391.30,2393.3 1 1
blackjack/main.go:2398.49,2400.34 2 0
blackjack/main.go:2403.2,2403.13 1 0
blackjack/main.go:2400.34,2402.3 1 0
blackjack/main.go:2406.21,2408.2 1 1
blackjack/main.go:2410.30,2412.2 1 1
blackjack/main.go:2414.31,2417.16 2 0
blackjack/main.go:2421.2,2423.16 3 0
blackjack/main.go:2417.16,2419.3 1 0
blackjack/main.go:2423.16,2424.46 1 0
blackjack/main.go:2428.46,2432.51 3 0
blackjack/main.go:2454.2,2454.19 1 0
blackjack/main.go:2432.51,2434.33 2 0
blackjack/main.go:2442.3,2443.33 2 0
blackjack/main.go:2451.3,2451.23 1 0
blackjack/main.go:2434.33,2435.16 1 0
blackjack/main.go:2435.16,2437.5 1 0
blackjack/main.go:2437.10,2439.5 1 0
blackjack/main.go:2443.33,2444.16 1 0
blackjack/main.go:2444.16,2446.5 1 0
blackjack/main.go:2446.10,2448.5 1 0
blackjack/main.go:2457.32,2460.23 2 0
blackjack/main.go:2460.23,2461.28 1 0
blackjack/main.go:2461.28,2476.4 9 0
blackjack/main.go:2480.33,2482.42 2 1
blackjack/main.go:2482.42,2482.85 1 1
blackjack/main.go:2485.28,2486.40 1 0
blackjack/main.go:2486.40,2491.3 4 0
blackjack/main.go:2494.28,2496.23 2 0
blackjack/main.go:2496.23,2499.3 2 0
blackjack/main.go:2502.13,2510.39 5 0
blackjack/main.go:2586.2,2588.12 2 0
blackjack/main.go:2510.39,2513.16 2 0
blackjack/main.go:2522.3,2524.20 2 0
blackjack/main.go:2541.3,2541.50 1 0
blackjack/main.go:2553.3,2555.38 2 0
blackjack/main.go:2513.16,2514.26 1 0
blackjack/main.go:2514.26,2519.5 3 0
blackjack/main.go:2524.20,2527.20 1 0
blackjack/main.go:2528.18,2530.10 2 0
blackjack/main.go:2531.22,2533.10 2 0
blackjack/main.go:2534.19,2534.19 0 0
blackjack/main.go:2535.12,2536.10 1 0
blackjack/main.go:2541.50,2544.42 2 0
blackjack/main.go:2544.42,2546.5 1 0
blackjack/main.go:2546.10,2548.5 1 0
blackjack/main.go:2549.9,2551.4 1 0
blackjack/main.go:2555.38,2561.17 4 0
blackjack/main.go:2568.4,2568.18 1 0
blackjack/main.go:2572.4,2572.19 1 0
blackjack/main.go:2580.4,2580.25 1 0
blackjack/main.go:2561.17,2564.5 1 0
blackjack/main.go:2564.10,2566.5 1 0
blackjack/main.go:2568.18,2570.5 1 0
blackjack/main.go:2572.19,2575.19 3 0
blackjack/main.go:2575.19,2577.6 1 0
blackjack/main.go:2581.9,2583.4 1 0
